2026-01-28 09:28:47,907 - Messagem enviada para: LARA BEATRIZ RANUCCI, Telefone: 44991039622, Curso: INFORMÁTICA BÁSICA, Linha: 2
2026-01-29 09:41:03,335 - Messagem enviada para: Joao Miguel, Telefone: 44998618601, Curso: INTRODUÇÃO À ROBÓTICA, Linha: 2
2026-01-29 09:49:00,499 - Messagem enviada para: Joao Miguel, Telefone: 44998618601, Curso: INTRODUÇÃO À ROBÓTICA, Linha: 2
2026-01-29 10:55:27,824 - Messagem GENÉRICA enviada para: Nubia Carolina Silva, Telefone: 44991441457, Linha: 2
2026-01-29 10:55:42,067 - Messagem GENÉRICA enviada para: Andreia Meilhan Campos, Telefone: 44988377707, Linha: 3
2026-01-29 10:55:56,322 - Messagem GENÉRICA enviada para: Tamara Miranda, Telefone: 14998508799, Linha: 4
2026-01-29 10:56:10,561 - Messagem GENÉRICA enviada para: Mayara M. da Silva Pastor, Telefone: 44998834206, Linha: 5
2026-01-29 10:56:24,802 - Messagem GENÉRICA enviada para: Vanderlei de Jesus Teixeira, Telefone: 45991017404, Linha: 6
2026-01-29 10:56:39,050 - Messagem GENÉRICA enviada para: Jacqueline da Cruz Pona, Telefone: 44998110203, Linha: 8
2026-01-29 10:56:53,284 - Messagem GENÉRICA enviada para: Victor Hugo Costa, Telefone: 43988036672, Linha: 10
2026-01-29 10:57:07,525 - Messagem GENÉRICA enviada para: Renan Ceratto, Telefone: 44999465545, Linha: 12
2026-01-29 10:57:21,760 - Messagem GENÉRICA enviada para: Bruna de Souza Santos
Luciano Valim, Telefone: 4499169331944991010295, Linha: 13
2026-01-29 11:03:36,980 - Messagem GENÉRICA enviada para: Edicarlo Soti, Telefone: 4498410505, Linha: 14
2026-01-29 11:03:51,210 - Messagem GENÉRICA enviada para: Marco Aurélio da Silva Osório, Telefone: 44999450400, Linha: 16
2026-01-29 11:04:05,454 - Messagem GENÉRICA enviada para: Neemias Bindá, Telefone: 44991390707, Linha: 17
2026-01-29 11:04:19,695 - Messagem GENÉRICA enviada para: Neimar Chagas, Telefone: 44999826956, Linha: 20
2026-01-29 11:04:33,948 - Messagem GENÉRICA enviada para: Larissa Sena, Telefone: 44991432311, Linha: 21
2026-01-29 11:04:48,189 - Messagem GENÉRICA enviada para: Artur Alberto Calefe, Telefone: 44991096060, Linha: 22
2026-01-29 11:05:02,438 - Messagem GENÉRICA enviada para: Hugo Gabriel de Souza, Telefone: 44997009955, Linha: 24
2026-01-29 11:05:16,692 - Messagem GENÉRICA enviada para: Sandra Filomena de Castro, Telefone: 44999141250, Linha: 25
2026-01-29 11:05:30,924 - Messagem GENÉRICA enviada para: Jean Baldaia, Telefone: 44999465660, Linha: 26
